Java/Runlife/app/build/intermediates/manifest_merge_blame_file/debug/manifest-merger-blame-debug-report.txt
1<?xml version="1.0" encoding="utf-8"?>
2<manifest xmlns:android="http://schemas.android.com/apk/res/android"
3    package="com.example.yassine.test_app"
4    android:versionCode="1"
5    android:versionName="1.0" >
6
7    <uses-sdk
8        android:minSdkVersion="15"
8-->src\main\AndroidManifest.xml
9        android:targetSdkVersion="27" />
9-->src\main\AndroidManifest.xml
10
11    <uses-permission android:name="android.permission.ACCESS_FINE_LOCATION" />
11-->src\main\AndroidManifest.xml:4:5-79
11-->src\main\AndroidManifest.xml:4:22-76
12    <uses-permission android:name="android.permission.ACCESS_COARSE_LOCATION" />
12-->src\main\AndroidManifest.xml:5:5-81
12-->src\main\AndroidManifest.xml:5:22-78
13
14    <application
14-->src\main\AndroidManifest.xml:7:5-29:19
15        android:allowBackup="true"
15-->src\main\AndroidManifest.xml:9:9-35
16        android:configChanges="locale"
16-->src\main\AndroidManifest.xml:16:9-39
17        android:debuggable="true"
18        android:icon="@drawable/ic_launcher_background"
18-->src\main\AndroidManifest.xml:18:9-56
19        android:label="@string/app_name"
19-->src\main\AndroidManifest.xml:11:9-41
20        android:supportsRtl="true"
20-->src\main\AndroidManifest.xml:13:9-35
21        android:testOnly="true"
22        android:theme="@style/AppTheme" >
22-->src\main\AndroidManifest.xml:14:9-40
23        <activity
23-->src\main\AndroidManifest.xml:20:9-28:20
24            android:name="com.example.yassine.test_app.MainActivity"
24-->src\main\AndroidManifest.xml:20:19-47
25            android:exported="true" >
25-->src\main\AndroidManifest.xml:22:13-36
26            <intent-filter>
26-->src\main\AndroidManifest.xml:24:13-27:29
27                <action android:name="android.intent.action.MAIN" />
27-->src\main\AndroidManifest.xml:25:17-69
27-->src\main\AndroidManifest.xml:25:25-66
28
29                <category android:name="android.intent.category.LAUNCHER" />
29-->src\main\AndroidManifest.xml:26:17-77
29-->src\main\AndroidManifest.xml:26:27-74
30            </intent-filter>
31        </activity>
32
33        <meta-data
33-->[com.google.android.gms:play-services-base:7.0.0] AndroidManifest.xml:21:9-23:69
34            android:name="com.google.android.gms.version"
34-->[com.google.android.gms:play-services-base:7.0.0] AndroidManifest.xml:22:13-58
35            android:value="@integer/google_play_services_version" />
35-->[com.google.android.gms:play-services-base:7.0.0] AndroidManifest.xml:23:13-66
36    </application>
37
38</manifest>